<?xml version="1.0" encoding="UTF-8"?>
<!-- Generated by org.testng.reporters.JUnitReportReporter -->
<testsuite hostname="sys" name="com.orangehrm.testsuite.Login" tests="2" failures="0" timestamp="30 Dec 2015 13:40:38 GMT" time="80.944" errors="0">
  <testcase name="loginTest" time="34.887" classname="com.orangehrm.testsuite.Login"/>
  <testcase name="loginTest" time="46.057" classname="com.orangehrm.testsuite.Login"/>
</testsuite> <!-- com.orangehrm.testsuite.Login -->
