<?xml version="1.0" encoding="UTF-8"?>
<!-- Generated by org.testng.reporters.JUnitReportReporter -->
<testsuite hostname="sys" name="day17.SliderAutomation" tests="1" failures="0" timestamp="4 Dec 2015 02:41:00 GMT" time="61.085" errors="0">
  <testcase name="sliderTest" time="61.085" classname="day17.SliderAutomation"/>
</testsuite> <!-- day17.SliderAutomation -->
