<?xml version="1.0" encoding="UTF-8"?>
<!-- Generated by org.testng.reporters.JUnitReportReporter -->
<testsuite hostname="sys" name="day20.LinksExcel" tests="1" failures="0" timestamp="9 Dec 2015 03:29:56 GMT" time="63.828" errors="0">
  <testcase name="linksTest" time="63.828" classname="day20.LinksExcel"/>
</testsuite> <!-- day20.LinksExcel -->
