<?xml version="1.0" encoding="UTF-8"?>
<!-- Generated by org.testng.reporters.JUnitReportReporter -->
<testsuite hostname="sys" name="day16.MouseHover" tests="1" failures="0" timestamp="3 Dec 2015 03:32:40 GMT" time="11.700" errors="0">
  <testcase name="mouseHoverTest" time="11.700" classname="day16.MouseHover"/>
</testsuite> <!-- day16.MouseHover -->
