<?xml version="1.0" encoding="UTF-8"?>
<!-- Generated by org.testng.reporters.JUnitReportReporter -->
<testsuite hostname="sys" name="day21.WebtableExcel" tests="2" failures="0" timestamp="11 Dec 2015 02:31:13 GMT" time="22.903" errors="0">
  <testcase name="loginTest" time="5.878" classname="day21.WebtableExcel"/>
  <testcase name="webtableTest" time="17.025" classname="day21.WebtableExcel"/>
</testsuite> <!-- day21.WebtableExcel -->
