<?xml version="1.0" encoding="UTF-8"?>
<!-- Generated by org.testng.reporters.JUnitReportReporter -->
<testsuite hostname="sys" name="day28.TestCase1" tests="1" failures="0" timestamp="19 Dec 2015 04:38:50 GMT" time="15.430" errors="0">
  <testcase name="loginTest" time="15.430" classname="day28.TestCase1"/>
</testsuite> <!-- day28.TestCase1 -->
