<?xml version="1.0" encoding="UTF-8"?>
<!-- Generated by org.testng.reporters.JUnitReportReporter -->
<testsuite hostname="sys" name="day28.TestCase2" tests="1" failures="0" timestamp="19 Dec 2015 05:11:26 GMT" time="21.863" errors="0">
  <testcase name="registrationTest" time="21.863" classname="day28.TestCase2"/>
</testsuite> <!-- day28.TestCase2 -->
