<?xml version="1.0" encoding="UTF-8"?>
<!-- Generated by org.testng.reporters.JUnitReportReporter -->
<testsuite hostname="sys" name="day28.DbTesting2" tests="1" failures="0" timestamp="19 Dec 2015 14:18:54 GMT" time="16.130" errors="0">
  <testcase name="DBTest" time="16.130" classname="day28.DbTesting2"/>
</testsuite> <!-- day28.DbTesting2 -->
