<?xml version="1.0" encoding="UTF-8"?>
<!-- Generated by org.testng.reporters.JUnitReportReporter -->
<testsuite hostname="sys" name="day14.RadioButtonsTesting2" tests="1" failures="0" timestamp="1 Dec 2015 02:46:22 GMT" time="9.752" errors="0">
  <testcase name="radioButtonsTest" time="9.752" classname="day14.RadioButtonsTesting2"/>
</testsuite> <!-- day14.RadioButtonsTesting2 -->
