<?xml version="1.0" encoding="UTF-8"?>
<!-- Generated by org.testng.reporters.JUnitReportReporter -->
<testsuite hostname="sys" name="day16.RightClick" tests="1" failures="0" timestamp="3 Dec 2015 03:17:27 GMT" time="2.134" errors="0">
  <testcase name="rightClickTest" time="2.134" classname="day16.RightClick"/>
</testsuite> <!-- day16.RightClick -->
