<?xml version="1.0" encoding="UTF-8"?>
<!-- Generated by org.testng.reporters.JUnitReportReporter -->
<testsuite hostname="sys" name="day26.LoginusingDataProvider" tests="2" failures="0" timestamp="17 Dec 2015 03:00:43 GMT" time="47.136" errors="0">
  <testcase name="loginTest" time="18.118" classname="day26.LoginusingDataProvider"/>
  <testcase name="loginTest" time="29.018" classname="day26.LoginusingDataProvider"/>
</testsuite> <!-- day26.LoginusingDataProvider -->
