<?xml version="1.0" encoding="UTF-8"?>
<!-- Generated by org.testng.reporters.JUnitReportReporter -->
<testsuite hostname="sys" name="day16.DragAndDrop" tests="1" failures="0" timestamp="3 Dec 2015 03:48:05 GMT" time="0.763" errors="0">
  <testcase name="dragAndDropTest" time="0.763" classname="day16.DragAndDrop"/>
</testsuite> <!-- day16.DragAndDrop -->
