<?xml version="1.0" encoding="UTF-8"?>
<!-- Generated by org.testng.reporters.JUnitReportReporter -->
<testsuite hostname="sys" name="day19.ExplicitWait_WebDriverwait" tests="1" failures="0" timestamp="8 Dec 2015 03:11:32 GMT" time="11.570" errors="0">
  <testcase name="waitTest" time="11.570" classname="day19.ExplicitWait_WebDriverwait"/>
</testsuite> <!-- day19.ExplicitWait_WebDriverwait -->
