<?xml version="1.0" encoding="UTF-8"?>
<!-- Generated by org.testng.reporters.JUnitReportReporter -->
<testsuite hostname="sys" name="day22.DatadrivenTesting2" tests="1" failures="0" timestamp="12 Dec 2015 03:24:40 GMT" time="17.641" errors="0">
  <testcase name="registrationTest" time="17.641" classname="day22.DatadrivenTesting2"/>
</testsuite> <!-- day22.DatadrivenTesting2 -->
