<?xml version="1.0" encoding="UTF-8"?>
<!-- Generated by org.testng.reporters.JUnitReportReporter -->
<testsuite hostname="sys" name="day19.ExplicitWait_Fluentwait" tests="1" failures="0" timestamp="8 Dec 2015 03:34:36 GMT" time="9.109" errors="0">
  <testcase name="waitTest" time="9.109" classname="day19.ExplicitWait_Fluentwait"/>
</testsuite> <!-- day19.ExplicitWait_Fluentwait -->
