<?xml version="1.0" encoding="UTF-8"?>
<!-- Generated by org.testng.reporters.JUnitReportReporter -->
<testsuite hostname="sys" name="day24.Logout" tests="1" failures="0" timestamp="15 Dec 2015 02:50:13 GMT" time="0.993" errors="0">
  <testcase name="logoutTest" time="0.993" classname="day24.Logout"/>
</testsuite> <!-- day24.Logout -->
