<?xml version="1.0" encoding="UTF-8"?>
<!-- Generated by org.testng.reporters.JUnitReportReporter -->
<testsuite hostname="sys" name="day24.AddEmployee" tests="1" failures="0" timestamp="15 Dec 2015 02:50:13 GMT" time="8.462" errors="0">
  <testcase name="addEmpoyeeTest" time="8.462" classname="day24.AddEmployee"/>
</testsuite> <!-- day24.AddEmployee -->
