<?xml version="1.0" encoding="UTF-8"?>
<!-- Generated by org.testng.reporters.JUnitReportReporter -->
<testsuite hostname="sys" name="day21.AjaxTesting1" tests="1" failures="0" timestamp="11 Dec 2015 03:25:57 GMT" time="7.328" errors="0">
  <testcase name="ajaxtest" time="7.328" classname="day21.AjaxTesting1"/>
</testsuite> <!-- day21.AjaxTesting1 -->
