<?xml version="1.0" encoding="UTF-8"?>
<!-- Generated by org.testng.reporters.JUnitReportReporter -->
<testsuite hostname="sys" name="day13.RadioButtonsTesting1" tests="1" failures="0" timestamp="30 Nov 2015 03:17:03 GMT" time="0.621" errors="0">
  <testcase name="radioButtonsTest" time="0.621" classname="day13.RadioButtonsTesting1"/>
</testsuite> <!-- day13.RadioButtonsTesting1 -->
