<?xml version="1.0" encoding="UTF-8"?>
<!-- Generated by org.testng.reporters.JUnitReportReporter -->
<testsuite hostname="sys" name="day13.Sample" tests="2" failures="0" timestamp="30 Nov 2015 03:00:12 GMT" time="0.046" errors="0">
  <testcase name="registration" time="0.004" classname="day13.Sample"/>
  <testcase name="loginTest" time="0.042" classname="day13.Sample"/>
</testsuite> <!-- day13.Sample -->
