<?xml version="1.0" encoding="UTF-8"?>
<!-- Generated by org.testng.reporters.JUnitReportReporter -->
<testsuite hostname="sys" name="day15.TabAndPoupHandling1" tests="1" failures="0" timestamp="2 Dec 2015 03:21:56 GMT" time="12.226" errors="0">
  <testcase name="multipleWindowTest" time="12.226" classname="day15.TabAndPoupHandling1"/>
</testsuite> <!-- day15.TabAndPoupHandling1 -->
