<?xml version="1.0" encoding="UTF-8"?>
<!-- Generated by org.testng.reporters.JUnitReportReporter -->
<testsuite hostname="sys" name="day15.TabandPopupHandling2" tests="1" failures="0" timestamp="2 Dec 2015 03:36:45 GMT" time="19.180" errors="0">
  <testcase name="multipleWindowTest" time="19.180" classname="day15.TabandPopupHandling2"/>
</testsuite> <!-- day15.TabandPopupHandling2 -->
