<?xml version="1.0" encoding="UTF-8"?>
<!-- Generated by org.testng.reporters.JUnitReportReporter -->
<testsuite hostname="sys" name="day17.StaticWebtable2" tests="1" failures="0" timestamp="4 Dec 2015 03:23:51 GMT" time="27.289" errors="0">
  <testcase name="webtableTest" time="27.289" classname="day17.StaticWebtable2"/>
</testsuite> <!-- day17.StaticWebtable2 -->
