<?xml version="1.0" encoding="UTF-8"?>
<!-- Generated by org.testng.reporters.JUnitReportReporter -->
<testsuite hostname="sys" name="day17.DynamicWebtable" tests="2" failures="0" timestamp="11 Dec 2015 02:26:17 GMT" time="19.542" errors="0">
  <testcase name="loginTest" time="6.137" classname="day17.DynamicWebtable"/>
  <testcase name="webtableTest" time="13.405" classname="day17.DynamicWebtable"/>
</testsuite> <!-- day17.DynamicWebtable -->
