<?xml version="1.0" encoding="UTF-8"?>
<!-- Generated by org.testng.reporters.JUnitReportReporter -->
<testsuite hostname="sys" name="day16.Frames" tests="1" failures="0" timestamp="3 Dec 2015 02:53:51 GMT" time="1.811" errors="0">
  <testcase name="framestest" time="1.811" classname="day16.Frames"/>
</testsuite> <!-- day16.Frames -->
