<?xml version="1.0" encoding="UTF-8"?>
<!-- Generated by org.testng.reporters.JUnitReportReporter -->
<testsuite hostname="sys" name="day22.DatadrivenTesting1" tests="1" failures="0" timestamp="12 Dec 2015 02:52:44 GMT" time="51.759" errors="0">
  <testcase name="linkstest" time="51.759" classname="day22.DatadrivenTesting1"/>
</testsuite> <!-- day22.DatadrivenTesting1 -->
