<?xml version="1.0" encoding="UTF-8"?>
<!-- Generated by org.testng.reporters.JUnitReportReporter -->
<testsuite hostname="sys" name="day24.Login" tests="1" failures="0" timestamp="15 Dec 2015 02:50:13 GMT" time="25.895" errors="0">
  <testcase name="loginTest" time="25.895" classname="day24.Login"/>
</testsuite> <!-- day24.Login -->
