<?xml version="1.0" encoding="UTF-8"?>
<!-- Generated by org.testng.reporters.JUnitReportReporter -->
<testsuite hostname="sys" name="day19.ImplicitWaitExample" tests="1" failures="0" timestamp="8 Dec 2015 02:51:53 GMT" time="26.464" errors="0">
  <testcase name="waitTest" time="26.464" classname="day19.ImplicitWaitExample"/>
</testsuite> <!-- day19.ImplicitWaitExample -->
