<?xml version="1.0" encoding="UTF-8"?>
<!-- Generated by org.testng.reporters.JUnitReportReporter -->
<testsuite hostname="sys" name="day15.DynamicCSS" tests="1" failures="0" timestamp="2 Dec 2015 02:34:29 GMT" time="6.321" errors="0">
  <testcase name="CSSTest" time="6.321" classname="day15.DynamicCSS"/>
</testsuite> <!-- day15.DynamicCSS -->
