<?xml version="1.0" encoding="UTF-8"?>
<!-- Generated by org.testng.reporters.JUnitReportReporter -->
<testsuite hostname="sys" name="day25.LinksTesting" tests="2" failures="0" timestamp="17 Dec 2015 03:18:13 GMT" time="159.815" errors="0">
  <testcase name="linksTest" time="106.335" classname="day25.LinksTesting"/>
  <testcase name="linksTest" time="53.480" classname="day25.LinksTesting"/>
</testsuite> <!-- day25.LinksTesting -->
