<?xml version="1.0" encoding="UTF-8"?>
<!-- Generated by org.testng.reporters.JUnitReportReporter -->
<testsuite hostname="sys" name="day21.CookiesTesting" tests="1" failures="0" timestamp="11 Dec 2015 03:00:21 GMT" time="6.452" errors="0">
  <testcase name="cookiestest" time="6.452" classname="day21.CookiesTesting"/>
</testsuite> <!-- day21.CookiesTesting -->
