<?xml version="1.0" encoding="UTF-8"?>
<!-- Generated by org.testng.reporters.JUnitReportReporter -->
<testsuite hostname="sys" name="day18.DynamicWebtable_Calander" tests="1" failures="0" timestamp="7 Dec 2015 03:10:07 GMT" time="52.770" errors="0">
  <testcase name="calanderTest" time="52.770" classname="day18.DynamicWebtable_Calander"/>
</testsuite> <!-- day18.DynamicWebtable_Calander -->
