<?xml version="1.0" encoding="UTF-8"?>
<!-- Generated by org.testng.reporters.JUnitReportReporter -->
<testsuite hostname="sys" name="day14.Xpaths" tests="1" failures="0" timestamp="1 Dec 2015 03:22:10 GMT" time="2.844" errors="0">
  <testcase name="xpathTest" time="2.844" classname="day14.Xpaths"/>
</testsuite> <!-- day14.Xpaths -->
