<?xml version="1.0" encoding="UTF-8"?>
<!-- Generated by org.testng.reporters.JUnitReportReporter -->
<testsuite hostname="sys" name="day17.StaticWebtable" tests="1" failures="0" timestamp="4 Dec 2015 03:06:54 GMT" time="7.341" errors="0">
  <testcase name="webtableTest" time="7.341" classname="day17.StaticWebtable"/>
</testsuite> <!-- day17.StaticWebtable -->
