<?xml version="1.0" encoding="UTF-8"?>
<!-- Generated by org.testng.reporters.JUnitReportReporter -->
<testsuite hostname="sys" name="day23.LoginusingKeywords" tests="1" failures="0" timestamp="14 Dec 2015 03:11:00 GMT" time="21.983" errors="0">
  <testcase name="loginTest" time="21.983" classname="day23.LoginusingKeywords"/>
</testsuite> <!-- day23.LoginusingKeywords -->
