<?xml version="1.0" encoding="UTF-8"?>
<!-- Generated by org.testng.reporters.JUnitReportReporter -->
<testsuite hostname="sys" name="day23.LoginusingProperties" tests="1" failures="0" timestamp="14 Dec 2015 02:36:19 GMT" time="6.273" errors="0">
  <testcase name="loginTest" time="6.273" classname="day23.LoginusingProperties"/>
</testsuite> <!-- day23.LoginusingProperties -->
